<?xml version="1.0" encoding="UTF-8"?>
<!-- Generated by org.testng.reporters.JUnitXMLReporter -->
<testsuite hostname="Mds-MacBook-Pro.home" ignored="4" name="Command line test" tests="3" failures="0" timestamp="17 Apr 2020 05:48:33 GMT" time="51.834" errors="0">
  <testcase name="eshopper2" time="0.006" classname="com.bit.test.SmokeTest"/>
  <testcase name="eshopper3" time="0.0" classname="com.bit.test.SmokeTest"/>
  <testcase name="homePageloader" time="0.162" classname="com.bit.test.SmokeTest"/>
  <testcase name="@BeforeTest setExtent" time="0.0" classname="com.bit.test.BaseTest">
    <ignored/>
  </testcase> <!-- @BeforeTest setExtent -->
  <testcase name="@AfterSuite afterSuite" time="0.0" classname="com.bit.test.BaseTest">
    <ignored/>
  </testcase> <!-- @AfterSuite afterSuite -->
  <testcase name="@BeforeSuite beforeSuite" time="0.0" classname="com.bit.test.BaseTest">
    <ignored/>
  </testcase> <!-- @BeforeSuite beforeSuite -->
  <testcase name="@AfterTest endReport" time="0.0" classname="com.bit.test.BaseTest">
    <ignored/>
  </testcase> <!-- @AfterTest endReport -->
</testsuite> <!-- Command line test -->
