<?xml version="1.0" encoding="UTF-8"?>
<!-- Generated by org.testng.reporters.JUnitXMLReporter -->
<testsuite hostname="Mds-MacBook-Pro.home" ignored="0" name="HomePageTest" tests="3" failures="1" timestamp="14 Apr 2020 03:16:55 GMT" time="37.042" errors="0">
  <testcase name="eshopper2" time="0.007" classname="com.bit.test.SmokeTest">
    <failure type="java.lang.NullPointerException">
      <![CDATA[java.lang.NullPointerException
at com.bit.test.SmokeTest.eshopper2(SmokeTest.java:26)
... Removed 25 stack frames]]>
    </failure>
  </testcase> <!-- eshopper2 -->
  <testcase name="eshopper3" time="0.001" classname="com.bit.test.SmokeTest"/>
  <testcase name="homePageloader" time="0.121" classname="com.bit.test.SmokeTest"/>
</testsuite> <!-- HomePageTest -->
