<?xml version="1.0" encoding="UTF-8"?>
<testng-results skipped="0" failed="0" ignored="4" total="7" passed="3">
  <reporter-output>
  </reporter-output>
  <suite name="Command line suite" duration-ms="51834" started-at="2020-04-17T05:47:41Z" finished-at="2020-04-17T05:48:33Z">
    <groups>
    </groups>
    <test name="Command line test" duration-ms="51834" started-at="2020-04-17T05:47:41Z" finished-at="2020-04-17T05:48:33Z">
      <class name="com.bit.test.SmokeTest">
        <test-method status="PASS" signature="beforeSuite()[pri:0, instance:com.bit.test.SmokeTest@783e6358]" name="beforeSuite" is-config="true" duration-ms="18" started-at="2020-04-17T05:47:41Z" finished-at="2020-04-17T05:47:41Z">
          <reporter-output>
          </reporter-output>
        </test-method> <!-- beforeSuite -->
        <test-method status="PASS" signature="setExtent()[pri:0, instance:com.bit.test.SmokeTest@783e6358]" name="setExtent" is-config="true" duration-ms="164" started-at="2020-04-17T05:47:41Z" finished-at="2020-04-17T05:47:42Z">
          <reporter-output>
          </reporter-output>
        </test-method> <!-- setExtent -->
        <test-method status="PASS" signature="setUp()[pri:0, instance:com.bit.test.SmokeTest@783e6358]" name="setUp" is-config="true" duration-ms="11088" started-at="2020-04-17T05:47:42Z" finished-at="2020-04-17T05:47:53Z">
          <reporter-output>
          </reporter-output>
        </test-method> <!-- setUp -->
        <test-method status="PASS" signature="setUp()[pri:0, instance:com.bit.test.SmokeTest@783e6358]" name="setUp" is-config="true" duration-ms="14401" started-at="2020-04-17T05:47:53Z" finished-at="2020-04-17T05:48:07Z">
          <reporter-output>
          </reporter-output>
        </test-method> <!-- setUp -->
        <test-method status="PASS" signature="eshopper2()[pri:0, instance:com.bit.test.SmokeTest@783e6358]" name="eshopper2" duration-ms="6" started-at="2020-04-17T05:48:07Z" finished-at="2020-04-17T05:48:07Z">
          <reporter-output>
          </reporter-output>
        </test-method> <!-- eshopper2 -->
        <test-method status="PASS" signature="setUp()[pri:0, instance:com.bit.test.SmokeTest@783e6358]" name="setUp" is-config="true" duration-ms="13323" started-at="2020-04-17T05:48:07Z" finished-at="2020-04-17T05:48:20Z">
          <reporter-output>
          </reporter-output>
        </test-method> <!-- setUp -->
        <test-method status="PASS" signature="eshopper3()[pri:0, instance:com.bit.test.SmokeTest@783e6358]" name="eshopper3" duration-ms="0" started-at="2020-04-17T05:48:20Z" finished-at="2020-04-17T05:48:20Z">
          <reporter-output>
          </reporter-output>
        </test-method> <!-- eshopper3 -->
        <test-method status="PASS" signature="setUp()[pri:0, instance:com.bit.test.SmokeTest@783e6358]" name="setUp" is-config="true" duration-ms="11558" started-at="2020-04-17T05:48:20Z" finished-at="2020-04-17T05:48:32Z">
          <reporter-output>
          </reporter-output>
        </test-method> <!-- setUp -->
        <test-method status="PASS" signature="homePageloader()[pri:0, instance:com.bit.test.SmokeTest@783e6358]" name="homePageloader" duration-ms="162" started-at="2020-04-17T05:48:32Z" finished-at="2020-04-17T05:48:32Z">
          <reporter-output>
          </reporter-output>
        </test-method> <!-- homePageloader -->
        <test-method status="PASS" signature="afterClass()[pri:0, instance:com.bit.test.SmokeTest@783e6358]" name="afterClass" is-config="true" duration-ms="0" started-at="2020-04-17T05:48:32Z" finished-at="2020-04-17T05:48:32Z">
          <reporter-output>
          </reporter-output>
        </test-method> <!-- afterClass -->
        <test-method status="PASS" signature="endReport()[pri:0, instance:com.bit.test.SmokeTest@783e6358]" name="endReport" is-config="true" duration-ms="1107" started-at="2020-04-17T05:48:32Z" finished-at="2020-04-17T05:48:33Z">
          <reporter-output>
          </reporter-output>
        </test-method> <!-- endReport -->
        <test-method status="PASS" signature="afterSuite()[pri:0, instance:com.bit.test.SmokeTest@783e6358]" name="afterSuite" is-config="true" duration-ms="0" started-at="2020-04-17T05:48:33Z" finished-at="2020-04-17T05:48:33Z">
          <reporter-output>
          </reporter-output>
        </test-method> <!-- afterSuite -->
      </class> <!-- com.bit.test.SmokeTest -->
    </test> <!-- Command line test -->
  </suite> <!-- Command line suite -->
</testng-results>
