<?xml version="1.0" encoding="UTF-8"?>
<!-- Generated by org.testng.reporters.JUnitXMLReporter -->
<testsuite hostname="Mds-MacBook-Pro.home" ignored="1" name="testngTest" tests="2" failures="0" timestamp="14 Apr 2020 01:50:55 GMT" time="24.315" errors="0">
  <testcase name="eshopper2" time="0.006" classname="com.bit.test.SmokeTest"/>
  <testcase name="homePageloader" time="2.225" classname="com.bit.test.SmokeTest"/>
  <testcase name="eshopper3" time="0.0" classname="com.bit.test.SmokeTest">
    <ignored/>
  </testcase> <!-- eshopper3 -->
</testsuite> <!-- testngTest -->
